/data/data/com.termux/files/usr/bin/mysqld: Deprecated program name. It will be removed in a future release, use '/data/data/com.termux/files/usr/bin/mariadbd' instead
2026-01-10 17:07:23 0 [Warning] failed to retrieve the MAC address
2026-01-10 17:07:24 0 [Note] Starting MariaDB 12.1.2-MariaDB source revision 70117463f032d59f8e328335e19b59157d34cf07 server_uid unknown as process 21037
2026-01-10 17:07:24 0 [Note] InnoDB: Compressed tables use zlib 1.3.1
2026-01-10 17:07:24 0 [Note] InnoDB: Number of transaction pools: 1
2026-01-10 17:07:24 0 [Note] InnoDB: Using ARMv8 crc32 + pmull instructions
2026-01-10 17:07:24 0 [Note] InnoDB: innodb_buffer_pool_size_max=128m, innodb_buffer_pool_size=128m
2026-01-10 17:07:24 0 [Note] InnoDB: Completed initialization of buffer pool
2026-01-10 17:07:24 0 [Note] InnoDB: Buffered log writes (block size=512 bytes)
2026-01-10 17:07:24 0 [Note] InnoDB: Starting crash recovery from checkpoint LSN=46234
2026-01-10 17:07:24 0 [Note] InnoDB: End of log at LSN=82399
2026-01-10 17:07:24 0 [Note] InnoDB: To recover: 69 pages
2026-01-10 17:07:24 0 [Note] InnoDB: Opened 3 undo tablespaces
2026-01-10 17:07:24 0 [Note] InnoDB: 128 rollback segments in 3 undo tablespaces are active.
2026-01-10 17:07:24 0 [Note] InnoDB: Removed temporary tablespace data file: "./ibtmp1"
2026-01-10 17:07:24 0 [Note] InnoDB: Setting file './ibtmp1' size to 12.000MiB. Physically writing the file full; Please wait ...
2026-01-10 17:07:24 0 [Note] InnoDB: File './ibtmp1' size is now 12.000MiB.
2026-01-10 17:07:24 0 [Note] InnoDB: log sequence number 82399; transaction id 60
2026-01-10 17:07:24 0 [Note] Plugin 'FEEDBACK' is disabled.
2026-01-10 17:07:24 0 [Note] InnoDB: Loading buffer pool(s) from /data/data/com.termux/files/usr/var/lib/mysql/ib_buffer_pool
2026-01-10 17:07:24 0 [Note] InnoDB: Buffer pool(s) load completed at 260110 17:07:24
2026-01-10 17:07:24 0 [Note] Recovering after a crash using tc.log
2026-01-10 17:07:24 0 [Note] Starting table crash recovery...
2026-01-10 17:07:24 0 [Note] Crash table recovery finished.
2026-01-10 17:07:27 0 [Note] Server socket created on IP: '::', port: '3306'.
2026-01-10 17:07:27 0 [Note] Server socket created on IP: '0.0.0.0', port: '3306'.
2026-01-10 17:07:27 0 [Note] mysqld: Event Scheduler: Loaded 0 events
2026-01-10 17:07:27 0 [Note] /data/data/com.termux/files/usr/bin/mysqld: ready for connections.
Version: '12.1.2-MariaDB'  socket: '/data/data/com.termux/files/usr/var/run/mysqld.sock'  port: 3306  MariaDB Server
